<?xml version="1.0"?>
<testsuite name="Chrome 66.0.3359 (Windows 8.1.0.0)" package="" timestamp="2018-05-10T15:03:44" id="0" hostname="MSI-Andres" tests="7" errors="0" failures="0" time="0">
  <properties>
    <property name="browser.fullName" value="Mozilla/5.0 (Windows NT 6.3; Win64; x64) AppleWebKit/537.36 (KHTML, like Gecko) Chrome/66.0.3359.139 Safari/537.36"/>
  </properties>
  <testcase name="auth/ AuthService should be defined" time="0" classname="Chrome_66_0_3359_(Windows_8_1_0_0).auth/"/>
  <testcase name="Page: Login Page is created" time="0" classname="Chrome_66_0_3359_(Windows_8_1_0_0).Page: Login Page"/>
  <testcase name="Page: Login Page el usuario que se registra existe en la base de datos" time="0" classname="Chrome_66_0_3359_(Windows_8_1_0_0).Page: Login Page"/>
  <testcase name="Page: Login Page el usuario que se registra no existe en la base de datos" time="0" classname="Chrome_66_0_3359_(Windows_8_1_0_0).Page: Login Page"/>
  <testcase name="Component: Root Component is created" time="0" classname="Chrome_66_0_3359_(Windows_8_1_0_0).Component: Root Component"/>
  <testcase name="Component: Root Component inicializa la root page como Login Page" time="0" classname="Chrome_66_0_3359_(Windows_8_1_0_0).Component: Root Component"/>
  <testcase name="EstacionesListService #getAll" time="0" classname="Chrome_66_0_3359_(Windows_8_1_0_0).EstacionesListService"/>
  <system-out>
    <![CDATA[
]]>
  </system-out>
  <system-err/>
</testsuite>